Using pre-set license
Built from '2020.3/staging' branch; Version is '2020.3.3f1 (76626098c1c4) revision 7758432'; Using compiler version '192528614'; Build Type 'Release'
OS: 'Windows 10 Pro; OS build 18362.1256; Version 1903; 64bit' Language: 'ru' Physical Memory: 16314 MB
BatchMode: 1, IsHumanControllingUs: 0, StartBugReporterOnCrash: 0, Is64bit: 1, IsPro: 0

 COMMAND LINE ARGUMENTS:
C:\Program Files\Unity\Hub\Editor\2020.3.3f1\Editor\Unity.exe
-adb2
-batchMode
-noUpm
-name
AssetImportWorker0
-projectPath
C:/geekbrains.ru/Projects/Unity/Emerald-Powder-Miner-online-main
-logFile
Logs/AssetImportWorker0.log
-srvPort
52927
Successfully changed project path to: C:/geekbrains.ru/Projects/Unity/Emerald-Powder-Miner-online-main
C:/geekbrains.ru/Projects/Unity/Emerald-Powder-Miner-online-main
Using Asset Import Pipeline V2.
Refreshing native plugins compatible for Editor in 34.39 ms, found 0 plugins.
Preloading 0 native plugins for Editor in 0.00 ms.
Initialize engine version: 2020.3.3f1 (76626098c1c4)
[Subsystems] Discovering subsystems at path C:/Program Files/Unity/Hub/Editor/2020.3.3f1/Editor/Data/Resources/UnitySubsystems
[Subsystems] Discovering subsystems at path C:/geekbrains.ru/Projects/Unity/Emerald-Powder-Miner-online-main/Assets
GfxDevice: creating device client; threaded=0
Direct3D:
    Version:  Direct3D 11.0 [level 11.1]
    Renderer: NVIDIA GeForce GTX 950 (ID=0x1402)
    Vendor:   
    VRAM:     2007 MB
    Driver:   26.21.14.3200
Initialize mono
Mono path[0] = 'C:/Program Files/Unity/Hub/Editor/2020.3.3f1/Editor/Data/Managed'
Mono path[1] = 'C:/Program Files/Unity/Hub/Editor/2020.3.3f1/Editor/Data/MonoBleedingEdge/lib/mono/unityjit'
Mono config path = 'C:/Program Files/Unity/Hub/Editor/2020.3.3f1/Editor/Data/MonoBleedingEdge/etc'
Using monoOptions --debugger-agent=transport=dt_socket,embedding=1,server=y,suspend=n,address=127.0.0.1:56736
Begin MonoManager ReloadAssembly
Registering precompiled unity dll's ...
Register platform support module: C:/Program Files/Unity/Hub/Editor/2020.3.3f1/Editor/Data/PlaybackEngines/WindowsStandaloneSupport/UnityEditor.WindowsStandalone.Extensions.dll
Registered in 0.002009 seconds.
Native extension for WindowsStandalone target not found
Refreshing native plugins compatible for Editor in 29.40 ms, found 0 plugins.
Preloading 0 native plugins for Editor in 0.00 ms.
Invoked RoslynAnalysisRunner static constructor.
RoslynAnalysisRunner will not be running.
RoslynAnalysisRunner has terminated.
Mono: successfully reloaded assembly
- Completed reload, in  2.188 seconds
Platform modules already initialized, skipping
Registering precompiled user dll's ...
Registered in 0.002775 seconds.
Begin MonoManager ReloadAssembly
Native extension for WindowsStandalone target not found
Refreshing native plugins compatible for Editor in 0.31 ms, found 0 plugins.
Preloading 0 native plugins for Editor in 0.00 ms.
Invoked RoslynAnalysisRunner static constructor.
RoslynAnalysisRunner will not be running.
RoslynAnalysisRunner has terminated.
Mono: successfully reloaded assembly
- Completed reload, in  0.902 seconds
Platform modules already initialized, skipping
========================================================================
Worker process is ready to serve import requests
Launched and connected shader compiler UnityShaderCompiler.exe after 0.05 seconds
Refreshing native plugins compatible for Editor in 0.32 ms, found 0 plugins.
Preloading 0 native plugins for Editor in 0.00 ms.
Unloading 1375 Unused Serialized files (Serialized files now loaded: 0)
System memory in use before: 66.2 MB.
System memory in use after: 66.3 MB.

Unloading 15 unused Assets to reduce memory usage. Loaded Objects now: 1814.
Total: 2.050700 ms (FindLiveObjects: 0.131600 ms CreateObjectMapping: 0.041100 ms MarkObjects: 1.772700 ms  DeleteObjects: 0.104700 ms)

========================================================================
Received Import Request.
  path: Assets/Valerjio/Resources/Bones.prefab
  artifactKey: Guid(0f0f494feebc43e46a77ecaad8fad355) Importer(815301076,1909f56bfc062723c751e8b465ee728b)
Start importing Assets/Valerjio/Resources/Bones.prefab using Guid(0f0f494feebc43e46a77ecaad8fad355) Importer(815301076,1909f56bfc062723c751e8b465ee728b)  -> (artifact id: '7cbaaa004cc206fbdf915c5bb1e37203') in 0.261940 seconds
  Import took 0.294838 seconds .

========================================================================
Received Import Request.
  Time since last request: 0.000363 seconds.
  path: Assets/Valerjio/Resources/Cell.prefab
  artifactKey: Guid(12a9978014c3f0447902bb36077109fc) Importer(815301076,1909f56bfc062723c751e8b465ee728b)
Start importing Assets/Valerjio/Resources/Cell.prefab using Guid(12a9978014c3f0447902bb36077109fc) Importer(815301076,1909f56bfc062723c751e8b465ee728b)  -> (artifact id: 'ebaf89b884579e9126c88946c0cf95e0') in 0.014199 seconds
  Import took 0.036662 seconds .

========================================================================
Received Import Request.
  Time since last request: 0.000296 seconds.
  path: Assets/Valerjio/Resources/Player.prefab
  artifactKey: Guid(7fa15c9e1a5e5ae4db04c7f791da3ec1) Importer(815301076,1909f56bfc062723c751e8b465ee728b)
Start importing Assets/Valerjio/Resources/Player.prefab using Guid(7fa15c9e1a5e5ae4db04c7f791da3ec1) Importer(815301076,1909f56bfc062723c751e8b465ee728b)  -> (artifact id: '6bccbcceb788b186eb6a67ab309a4321') in 0.016118 seconds
  Import took 0.021016 seconds .

========================================================================
Received Import Request.
  Time since last request: 0.051866 seconds.
  path: Assets/Valerjio/Resources/Bones.prefab
  artifactKey: Guid(0f0f494feebc43e46a77ecaad8fad355) Importer(815301076,1909f56bfc062723c751e8b465ee728b)
Start importing Assets/Valerjio/Resources/Bones.prefab using Guid(0f0f494feebc43e46a77ecaad8fad355) Importer(815301076,1909f56bfc062723c751e8b465ee728b)  -> (artifact id: '7cbaaa004cc206fbdf915c5bb1e37203') in 0.011056 seconds
  Import took 0.013909 seconds .

========================================================================
Received Import Request.
  Time since last request: 1638.975263 seconds.
  path: Assets/Valerjio/Scripts/PlayerControls.cs
  artifactKey: Guid(6f8660d7b0b6ee44fa943fe79574a9d5) Importer(815301076,1909f56bfc062723c751e8b465ee728b)
Start importing Assets/Valerjio/Scripts/PlayerControls.cs using Guid(6f8660d7b0b6ee44fa943fe79574a9d5) Importer(815301076,1909f56bfc062723c751e8b465ee728b)  -> (artifact id: '8c227f4d6a208ca05ad34ed5bc7ee8d8') in 0.017466 seconds
  Import took 0.051873 seconds .

========================================================================
Received Import Request.
  Time since last request: 55.162546 seconds.
  path: Assets/Valerjio/Scripts/PlayerControls.cs
  artifactKey: Guid(6f8660d7b0b6ee44fa943fe79574a9d5) Importer(815301076,1909f56bfc062723c751e8b465ee728b)
Start importing Assets/Valerjio/Scripts/PlayerControls.cs using Guid(6f8660d7b0b6ee44fa943fe79574a9d5) Importer(815301076,1909f56bfc062723c751e8b465ee728b)  -> (artifact id: '9a32a7b4e0ab8dbee9d6c9188eb8f9e5') in 0.002698 seconds
  Import took 0.005451 seconds .

========================================================================
Received Prepare
Registering precompiled user dll's ...
Registered in 0.002673 seconds.
Begin MonoManager ReloadAssembly
Native extension for WindowsStandalone target not found
Refreshing native plugins compatible for Editor in 0.37 ms, found 0 plugins.
Preloading 0 native plugins for Editor in 0.00 ms.
Invoked RoslynAnalysisRunner static constructor.
RoslynAnalysisRunner will not be running.
RoslynAnalysisRunner has terminated.
Mono: successfully reloaded assembly
- Completed reload, in  0.879 seconds
Platform modules already initialized, skipping
Refreshing native plugins compatible for Editor in 0.31 ms, found 0 plugins.
Preloading 0 native plugins for Editor in 0.00 ms.
Unloading 1368 Unused Serialized files (Serialized files now loaded: 0)
System memory in use before: 69.0 MB.
System memory in use after: 69.2 MB.

Unloading 9 unused Assets to reduce memory usage. Loaded Objects now: 1825.
Total: 1.696200 ms (FindLiveObjects: 0.145500 ms CreateObjectMapping: 0.038500 ms MarkObjects: 1.490900 ms  DeleteObjects: 0.020600 ms)

========================================================================
Received Prepare
Registering precompiled user dll's ...
Registered in 0.003059 seconds.
Begin MonoManager ReloadAssembly
Native extension for WindowsStandalone target not found
Refreshing native plugins compatible for Editor in 0.47 ms, found 0 plugins.
Preloading 0 native plugins for Editor in 0.00 ms.
Invoked RoslynAnalysisRunner static constructor.
RoslynAnalysisRunner will not be running.
RoslynAnalysisRunner has terminated.
Mono: successfully reloaded assembly
- Completed reload, in  0.949 seconds
Platform modules already initialized, skipping
Refreshing native plugins compatible for Editor in 0.36 ms, found 0 plugins.
Preloading 0 native plugins for Editor in 0.00 ms.
Unloading 1368 Unused Serialized files (Serialized files now loaded: 0)
System memory in use before: 69.1 MB.
System memory in use after: 69.2 MB.

Unloading 9 unused Assets to reduce memory usage. Loaded Objects now: 1829.
Total: 2.543400 ms (FindLiveObjects: 0.303700 ms CreateObjectMapping: 0.087800 ms MarkObjects: 2.124400 ms  DeleteObjects: 0.025900 ms)

========================================================================
Received Import Request.
  Time since last request: 528.673496 seconds.
  path: Assets/Valerjio/Scripts/PlayerControls.cs
  artifactKey: Guid(6f8660d7b0b6ee44fa943fe79574a9d5) Importer(815301076,1909f56bfc062723c751e8b465ee728b)
Start importing Assets/Valerjio/Scripts/PlayerControls.cs using Guid(6f8660d7b0b6ee44fa943fe79574a9d5) Importer(815301076,1909f56bfc062723c751e8b465ee728b)  -> (artifact id: 'fe3e2dd0668a3d66c7298450bafcb0db') in 0.009307 seconds
  Import took 0.012408 seconds .

========================================================================
Received Prepare
Registering precompiled user dll's ...
Registered in 0.002913 seconds.
Begin MonoManager ReloadAssembly
Native extension for WindowsStandalone target not found
Refreshing native plugins compatible for Editor in 0.30 ms, found 0 plugins.
Preloading 0 native plugins for Editor in 0.00 ms.
Invoked RoslynAnalysisRunner static constructor.
RoslynAnalysisRunner will not be running.
RoslynAnalysisRunner has terminated.
Mono: successfully reloaded assembly
- Completed reload, in  0.944 seconds
Platform modules already initialized, skipping
Refreshing native plugins compatible for Editor in 0.34 ms, found 0 plugins.
Preloading 0 native plugins for Editor in 0.00 ms.
Unloading 1368 Unused Serialized files (Serialized files now loaded: 0)
System memory in use before: 69.1 MB.
System memory in use after: 69.2 MB.

Unloading 9 unused Assets to reduce memory usage. Loaded Objects now: 1833.
Total: 2.324900 ms (FindLiveObjects: 0.252600 ms CreateObjectMapping: 0.076200 ms MarkObjects: 1.974700 ms  DeleteObjects: 0.020100 ms)

========================================================================
Received Import Request.
  Time since last request: 27.128836 seconds.
  path: Assets/Valerjio/Scripts/PlayerControls.cs
  artifactKey: Guid(6f8660d7b0b6ee44fa943fe79574a9d5) Importer(815301076,1909f56bfc062723c751e8b465ee728b)
Start importing Assets/Valerjio/Scripts/PlayerControls.cs using Guid(6f8660d7b0b6ee44fa943fe79574a9d5) Importer(815301076,1909f56bfc062723c751e8b465ee728b)  -> (artifact id: '4dffbcaefcc14165adda0bb940871d7b') in 0.005702 seconds
  Import took 0.008733 seconds .

========================================================================
Received Prepare
Registering precompiled user dll's ...
Registered in 0.002704 seconds.
Begin MonoManager ReloadAssembly
Native extension for WindowsStandalone target not found
Refreshing native plugins compatible for Editor in 0.28 ms, found 0 plugins.
Preloading 0 native plugins for Editor in 0.00 ms.
Invoked RoslynAnalysisRunner static constructor.
RoslynAnalysisRunner will not be running.
RoslynAnalysisRunner has terminated.
Mono: successfully reloaded assembly
- Completed reload, in  0.830 seconds
Platform modules already initialized, skipping
Refreshing native plugins compatible for Editor in 0.30 ms, found 0 plugins.
Preloading 0 native plugins for Editor in 0.00 ms.
Unloading 1368 Unused Serialized files (Serialized files now loaded: 0)
System memory in use before: 69.1 MB.
System memory in use after: 69.2 MB.

Unloading 9 unused Assets to reduce memory usage. Loaded Objects now: 1837.
Total: 1.522400 ms (FindLiveObjects: 0.165100 ms CreateObjectMapping: 0.042100 ms MarkObjects: 1.299800 ms  DeleteObjects: 0.014500 ms)

========================================================================
Received Prepare
Registering precompiled user dll's ...
Registered in 0.002911 seconds.
Begin MonoManager ReloadAssembly
Native extension for WindowsStandalone target not found
Refreshing native plugins compatible for Editor in 0.30 ms, found 0 plugins.
Preloading 0 native plugins for Editor in 0.00 ms.
Invoked RoslynAnalysisRunner static constructor.
RoslynAnalysisRunner will not be running.
RoslynAnalysisRunner has terminated.
Mono: successfully reloaded assembly
- Completed reload, in  0.840 seconds
Platform modules already initialized, skipping
Refreshing native plugins compatible for Editor in 0.32 ms, found 0 plugins.
Preloading 0 native plugins for Editor in 0.00 ms.
Unloading 1368 Unused Serialized files (Serialized files now loaded: 0)
System memory in use before: 69.1 MB.
System memory in use after: 69.2 MB.

Unloading 9 unused Assets to reduce memory usage. Loaded Objects now: 1841.
Total: 2.104000 ms (FindLiveObjects: 0.248800 ms CreateObjectMapping: 0.064700 ms MarkObjects: 1.775200 ms  DeleteObjects: 0.014600 ms)

========================================================================
Received Prepare
Registering precompiled user dll's ...
Registered in 0.002754 seconds.
Begin MonoManager ReloadAssembly
Native extension for WindowsStandalone target not found
Refreshing native plugins compatible for Editor in 0.63 ms, found 0 plugins.
Preloading 0 native plugins for Editor in 0.00 ms.
Invoked RoslynAnalysisRunner static constructor.
RoslynAnalysisRunner will not be running.
RoslynAnalysisRunner has terminated.
Mono: successfully reloaded assembly
- Completed reload, in  0.839 seconds
Platform modules already initialized, skipping
Refreshing native plugins compatible for Editor in 0.37 ms, found 0 plugins.
Preloading 0 native plugins for Editor in 0.00 ms.
Unloading 1368 Unused Serialized files (Serialized files now loaded: 0)
System memory in use before: 69.1 MB.
System memory in use after: 69.2 MB.

Unloading 9 unused Assets to reduce memory usage. Loaded Objects now: 1845.
Total: 2.109700 ms (FindLiveObjects: 0.268600 ms CreateObjectMapping: 0.072800 ms MarkObjects: 1.731100 ms  DeleteObjects: 0.035500 ms)

========================================================================
Received Prepare
Refreshing native plugins compatible for Editor in 1.96 ms, found 0 plugins.
Preloading 0 native plugins for Editor in 0.00 ms.
Unloading 7 Unused Serialized files (Serialized files now loaded: 0)
System memory in use before: 42.2 MB.
System memory in use after: 42.3 MB.

Unloading 7 unused Assets to reduce memory usage. Loaded Objects now: 1845.
Total: 1.777700 ms (FindLiveObjects: 0.216900 ms CreateObjectMapping: 0.069200 ms MarkObjects: 1.455100 ms  DeleteObjects: 0.035300 ms)

========================================================================
Received Prepare
Registering precompiled user dll's ...
Registered in 0.003254 seconds.
Begin MonoManager ReloadAssembly
Native extension for WindowsStandalone target not found
Refreshing native plugins compatible for Editor in 0.48 ms, found 0 plugins.
Preloading 0 native plugins for Editor in 0.00 ms.
Invoked RoslynAnalysisRunner static constructor.
RoslynAnalysisRunner will not be running.
RoslynAnalysisRunner has terminated.
Mono: successfully reloaded assembly
- Completed reload, in  1.088 seconds
Platform modules already initialized, skipping
Refreshing native plugins compatible for Editor in 0.40 ms, found 0 plugins.
Preloading 0 native plugins for Editor in 0.00 ms.
Unloading 1368 Unused Serialized files (Serialized files now loaded: 0)
System memory in use before: 69.1 MB.
System memory in use after: 69.2 MB.

Unloading 9 unused Assets to reduce memory usage. Loaded Objects now: 1849.
Total: 2.805600 ms (FindLiveObjects: 0.243400 ms CreateObjectMapping: 0.070100 ms MarkObjects: 2.457500 ms  DeleteObjects: 0.033500 ms)

========================================================================
Received Prepare
Registering precompiled user dll's ...
Registered in 0.002955 seconds.
Begin MonoManager ReloadAssembly
Native extension for WindowsStandalone target not found
Refreshing native plugins compatible for Editor in 0.45 ms, found 0 plugins.
Preloading 0 native plugins for Editor in 0.00 ms.
Invoked RoslynAnalysisRunner static constructor.
RoslynAnalysisRunner will not be running.
RoslynAnalysisRunner has terminated.
Mono: successfully reloaded assembly
- Completed reload, in  0.842 seconds
Platform modules already initialized, skipping
Refreshing native plugins compatible for Editor in 0.30 ms, found 0 plugins.
Preloading 0 native plugins for Editor in 0.00 ms.
Unloading 1368 Unused Serialized files (Serialized files now loaded: 0)
System memory in use before: 69.1 MB.
System memory in use after: 69.2 MB.

Unloading 9 unused Assets to reduce memory usage. Loaded Objects now: 1853.
Total: 1.613300 ms (FindLiveObjects: 0.124800 ms CreateObjectMapping: 0.038600 ms MarkObjects: 1.420100 ms  DeleteObjects: 0.028900 ms)

========================================================================
Received Prepare
Refreshing native plugins compatible for Editor in 1.81 ms, found 0 plugins.
Preloading 0 native plugins for Editor in 0.00 ms.
Unloading 7 Unused Serialized files (Serialized files now loaded: 0)
System memory in use before: 42.2 MB.
System memory in use after: 42.3 MB.

Unloading 7 unused Assets to reduce memory usage. Loaded Objects now: 1853.
Total: 2.346700 ms (FindLiveObjects: 0.223800 ms CreateObjectMapping: 0.076000 ms MarkObjects: 2.029000 ms  DeleteObjects: 0.016300 ms)

========================================================================
Received Prepare
Registering precompiled user dll's ...
Registered in 0.003336 seconds.
Begin MonoManager ReloadAssembly
Native extension for WindowsStandalone target not found
Refreshing native plugins compatible for Editor in 0.45 ms, found 0 plugins.
Preloading 0 native plugins for Editor in 0.00 ms.
Invoked RoslynAnalysisRunner static constructor.
RoslynAnalysisRunner will not be running.
RoslynAnalysisRunner has terminated.
Mono: successfully reloaded assembly
- Completed reload, in  1.095 seconds
Platform modules already initialized, skipping
Refreshing native plugins compatible for Editor in 0.53 ms, found 0 plugins.
Preloading 0 native plugins for Editor in 0.00 ms.
Unloading 1368 Unused Serialized files (Serialized files now loaded: 0)
System memory in use before: 69.2 MB.
System memory in use after: 69.3 MB.

Unloading 9 unused Assets to reduce memory usage. Loaded Objects now: 1857.
Total: 2.029100 ms (FindLiveObjects: 0.172300 ms CreateObjectMapping: 0.047200 ms MarkObjects: 1.791400 ms  DeleteObjects: 0.016800 ms)

========================================================================
Received Prepare
Registering precompiled user dll's ...
Registered in 0.003622 seconds.
Begin MonoManager ReloadAssembly
Native extension for WindowsStandalone target not found
Refreshing native plugins compatible for Editor in 0.49 ms, found 0 plugins.
Preloading 0 native plugins for Editor in 0.00 ms.
Invoked RoslynAnalysisRunner static constructor.
RoslynAnalysisRunner will not be running.
RoslynAnalysisRunner has terminated.
Mono: successfully reloaded assembly
- Completed reload, in  1.148 seconds
Platform modules already initialized, skipping
Refreshing native plugins compatible for Editor in 0.32 ms, found 0 plugins.
Preloading 0 native plugins for Editor in 0.00 ms.
Unloading 1368 Unused Serialized files (Serialized files now loaded: 0)
System memory in use before: 69.2 MB.
System memory in use after: 69.3 MB.

Unloading 9 unused Assets to reduce memory usage. Loaded Objects now: 1861.
Total: 2.504700 ms (FindLiveObjects: 0.185400 ms CreateObjectMapping: 0.050000 ms MarkObjects: 2.249600 ms  DeleteObjects: 0.018300 ms)

========================================================================
Received Prepare
Registering precompiled user dll's ...
Registered in 0.002615 seconds.
Begin MonoManager ReloadAssembly
Native extension for WindowsStandalone target not found
Refreshing native plugins compatible for Editor in 0.29 ms, found 0 plugins.
Preloading 0 native plugins for Editor in 0.00 ms.
Invoked RoslynAnalysisRunner static constructor.
RoslynAnalysisRunner will not be running.
RoslynAnalysisRunner has terminated.
Mono: successfully reloaded assembly
- Completed reload, in  0.823 seconds
Platform modules already initialized, skipping
Refreshing native plugins compatible for Editor in 0.36 ms, found 0 plugins.
Preloading 0 native plugins for Editor in 0.00 ms.
Unloading 1368 Unused Serialized files (Serialized files now loaded: 0)
System memory in use before: 69.2 MB.
System memory in use after: 69.3 MB.

Unloading 9 unused Assets to reduce memory usage. Loaded Objects now: 1865.
Total: 1.944400 ms (FindLiveObjects: 0.165700 ms CreateObjectMapping: 0.041700 ms MarkObjects: 1.696800 ms  DeleteObjects: 0.039200 ms)

========================================================================
Received Prepare
Registering precompiled user dll's ...
Registered in 0.002771 seconds.
Begin MonoManager ReloadAssembly
Native extension for WindowsStandalone target not found
Refreshing native plugins compatible for Editor in 0.32 ms, found 0 plugins.
Preloading 0 native plugins for Editor in 0.00 ms.
Invoked RoslynAnalysisRunner static constructor.
RoslynAnalysisRunner will not be running.
RoslynAnalysisRunner has terminated.
Mono: successfully reloaded assembly
- Completed reload, in  0.841 seconds
Platform modules already initialized, skipping
Refreshing native plugins compatible for Editor in 0.34 ms, found 0 plugins.
Preloading 0 native plugins for Editor in 0.00 ms.
Unloading 1368 Unused Serialized files (Serialized files now loaded: 0)
System memory in use before: 69.2 MB.
System memory in use after: 69.3 MB.

Unloading 9 unused Assets to reduce memory usage. Loaded Objects now: 1869.
Total: 1.834300 ms (FindLiveObjects: 0.208600 ms CreateObjectMapping: 0.096700 ms MarkObjects: 1.511900 ms  DeleteObjects: 0.016100 ms)

========================================================================
Received Prepare
Refreshing native plugins compatible for Editor in 1.98 ms, found 0 plugins.
Preloading 0 native plugins for Editor in 0.00 ms.
Unloading 7 Unused Serialized files (Serialized files now loaded: 0)
System memory in use before: 42.2 MB.
System memory in use after: 42.3 MB.

Unloading 7 unused Assets to reduce memory usage. Loaded Objects now: 1869.
Total: 2.502400 ms (FindLiveObjects: 0.244100 ms CreateObjectMapping: 0.087000 ms MarkObjects: 2.128300 ms  DeleteObjects: 0.041400 ms)

========================================================================
Received Prepare
Registering precompiled user dll's ...
Registered in 0.003221 seconds.
Begin MonoManager ReloadAssembly
Native extension for WindowsStandalone target not found
Refreshing native plugins compatible for Editor in 0.29 ms, found 0 plugins.
Preloading 0 native plugins for Editor in 0.00 ms.
Invoked RoslynAnalysisRunner static constructor.
RoslynAnalysisRunner will not be running.
RoslynAnalysisRunner has terminated.
Mono: successfully reloaded assembly
- Completed reload, in  0.827 seconds
Platform modules already initialized, skipping
Refreshing native plugins compatible for Editor in 0.34 ms, found 0 plugins.
Preloading 0 native plugins for Editor in 0.00 ms.
Unloading 1368 Unused Serialized files (Serialized files now loaded: 0)
System memory in use before: 69.2 MB.
System memory in use after: 69.3 MB.

Unloading 9 unused Assets to reduce memory usage. Loaded Objects now: 1873.
Total: 1.610900 ms (FindLiveObjects: 0.179200 ms CreateObjectMapping: 0.037000 ms MarkObjects: 1.380200 ms  DeleteObjects: 0.013700 ms)

========================================================================
Received Import Request.
  Time since last request: 1364.484988 seconds.
  path: Assets/Valerjio/Resources/Player.prefab
  artifactKey: Guid(7fa15c9e1a5e5ae4db04c7f791da3ec1) Importer(815301076,1909f56bfc062723c751e8b465ee728b)
Start importing Assets/Valerjio/Resources/Player.prefab using Guid(7fa15c9e1a5e5ae4db04c7f791da3ec1) Importer(815301076,1909f56bfc062723c751e8b465ee728b)  -> (artifact id: 'b57f5d63deb3d1420393ebefeedd3c1b') in 0.206484 seconds
  Import took 0.210298 seconds .

========================================================================
Received Import Request.
  Time since last request: 0.011867 seconds.
  path: Assets/Valerjio/Resources/Player.prefab
  artifactKey: Guid(7fa15c9e1a5e5ae4db04c7f791da3ec1) Importer(815301076,1909f56bfc062723c751e8b465ee728b)
Start importing Assets/Valerjio/Resources/Player.prefab using Guid(7fa15c9e1a5e5ae4db04c7f791da3ec1) Importer(815301076,1909f56bfc062723c751e8b465ee728b)  -> (artifact id: 'b57f5d63deb3d1420393ebefeedd3c1b') in 0.016036 seconds
  Import took 0.019009 seconds .

========================================================================
Received Import Request.
  Time since last request: 71.878514 seconds.
  path: Assets/Valerjio/Resources/Player.prefab
  artifactKey: Guid(7fa15c9e1a5e5ae4db04c7f791da3ec1) Importer(815301076,1909f56bfc062723c751e8b465ee728b)
Start importing Assets/Valerjio/Resources/Player.prefab using Guid(7fa15c9e1a5e5ae4db04c7f791da3ec1) Importer(815301076,1909f56bfc062723c751e8b465ee728b)  -> (artifact id: 'd1a5d463c5633c0364fa480d06dfae8d') in 0.014906 seconds
  Import took 0.018326 seconds .

========================================================================
Received Prepare
Registering precompiled user dll's ...
Registered in 0.003856 seconds.
Begin MonoManager ReloadAssembly
Native extension for WindowsStandalone target not found
Refreshing native plugins compatible for Editor in 0.30 ms, found 0 plugins.
Preloading 0 native plugins for Editor in 0.00 ms.
Invoked RoslynAnalysisRunner static constructor.
RoslynAnalysisRunner will not be running.
RoslynAnalysisRunner has terminated.
Mono: successfully reloaded assembly
- Completed reload, in  1.305 seconds
Platform modules already initialized, skipping
Refreshing native plugins compatible for Editor in 0.35 ms, found 0 plugins.
Preloading 0 native plugins for Editor in 0.00 ms.
Unloading 1368 Unused Serialized files (Serialized files now loaded: 0)
System memory in use before: 69.2 MB.
System memory in use after: 69.3 MB.

Unloading 9 unused Assets to reduce memory usage. Loaded Objects now: 1878.
Total: 1.770100 ms (FindLiveObjects: 0.152600 ms CreateObjectMapping: 0.040400 ms MarkObjects: 1.545300 ms  DeleteObjects: 0.030600 ms)

========================================================================
Received Prepare
Refreshing native plugins compatible for Editor in 2.17 ms, found 0 plugins.
Preloading 0 native plugins for Editor in 0.00 ms.
Unloading 7 Unused Serialized files (Serialized files now loaded: 0)
System memory in use before: 42.3 MB.
System memory in use after: 42.4 MB.

Unloading 7 unused Assets to reduce memory usage. Loaded Objects now: 1878.
Total: 2.710700 ms (FindLiveObjects: 0.141700 ms CreateObjectMapping: 0.040500 ms MarkObjects: 2.506000 ms  DeleteObjects: 0.020800 ms)

========================================================================
Received Prepare
Registering precompiled user dll's ...
Registered in 0.003523 seconds.
Begin MonoManager ReloadAssembly
Native extension for WindowsStandalone target not found
Refreshing native plugins compatible for Editor in 0.42 ms, found 0 plugins.
Preloading 0 native plugins for Editor in 0.00 ms.
Invoked RoslynAnalysisRunner static constructor.
RoslynAnalysisRunner will not be running.
RoslynAnalysisRunner has terminated.
Mono: successfully reloaded assembly
- Completed reload, in  1.001 seconds
Platform modules already initialized, skipping
Refreshing native plugins compatible for Editor in 0.34 ms, found 0 plugins.
Preloading 0 native plugins for Editor in 0.00 ms.
Unloading 1368 Unused Serialized files (Serialized files now loaded: 0)
System memory in use before: 69.2 MB.
System memory in use after: 69.3 MB.

Unloading 9 unused Assets to reduce memory usage. Loaded Objects now: 1882.
Total: 1.741900 ms (FindLiveObjects: 0.263200 ms CreateObjectMapping: 0.038200 ms MarkObjects: 1.425000 ms  DeleteObjects: 0.014800 ms)

========================================================================
Received Import Request.
  Time since last request: 144.162365 seconds.
  path: Assets/Valerjio/Resources/Player.prefab
  artifactKey: Guid(7fa15c9e1a5e5ae4db04c7f791da3ec1) Importer(815301076,1909f56bfc062723c751e8b465ee728b)
Start importing Assets/Valerjio/Resources/Player.prefab using Guid(7fa15c9e1a5e5ae4db04c7f791da3ec1) Importer(815301076,1909f56bfc062723c751e8b465ee728b)  -> (artifact id: 'b2e2f36fba5930261728eb9698e0e01c') in 0.064606 seconds
  Import took 0.068267 seconds .

========================================================================
Received Prepare
Refreshing native plugins compatible for Editor in 1.92 ms, found 0 plugins.
Preloading 0 native plugins for Editor in 0.00 ms.
Unloading 7 Unused Serialized files (Serialized files now loaded: 0)
System memory in use before: 42.4 MB.
System memory in use after: 42.5 MB.

Unloading 7 unused Assets to reduce memory usage. Loaded Objects now: 1883.
Total: 2.029100 ms (FindLiveObjects: 0.147100 ms CreateObjectMapping: 0.038700 ms MarkObjects: 1.828700 ms  DeleteObjects: 0.013600 ms)

========================================================================
Received Prepare
Registering precompiled user dll's ...
Registered in 0.002620 seconds.
Begin MonoManager ReloadAssembly
Native extension for WindowsStandalone target not found
Refreshing native plugins compatible for Editor in 0.29 ms, found 0 plugins.
Preloading 0 native plugins for Editor in 0.00 ms.
Invoked RoslynAnalysisRunner static constructor.
RoslynAnalysisRunner will not be running.
RoslynAnalysisRunner has terminated.
Mono: successfully reloaded assembly
- Completed reload, in  0.824 seconds
Platform modules already initialized, skipping
Refreshing native plugins compatible for Editor in 0.30 ms, found 0 plugins.
Preloading 0 native plugins for Editor in 0.00 ms.
Unloading 1368 Unused Serialized files (Serialized files now loaded: 0)
System memory in use before: 69.2 MB.
System memory in use after: 69.3 MB.

Unloading 9 unused Assets to reduce memory usage. Loaded Objects now: 1887.
Total: 1.613200 ms (FindLiveObjects: 0.151900 ms CreateObjectMapping: 0.042000 ms MarkObjects: 1.404200 ms  DeleteObjects: 0.014300 ms)

========================================================================
Received Prepare
Registering precompiled user dll's ...
Registered in 0.002655 seconds.
Begin MonoManager ReloadAssembly
Native extension for WindowsStandalone target not found
Refreshing native plugins compatible for Editor in 0.29 ms, found 0 plugins.
Preloading 0 native plugins for Editor in 0.00 ms.
Invoked RoslynAnalysisRunner static constructor.
RoslynAnalysisRunner will not be running.
RoslynAnalysisRunner has terminated.
Mono: successfully reloaded assembly
- Completed reload, in  0.814 seconds
Platform modules already initialized, skipping
Refreshing native plugins compatible for Editor in 0.31 ms, found 0 plugins.
Preloading 0 native plugins for Editor in 0.00 ms.
Unloading 1368 Unused Serialized files (Serialized files now loaded: 0)
System memory in use before: 69.2 MB.
System memory in use after: 69.3 MB.

Unloading 9 unused Assets to reduce memory usage. Loaded Objects now: 1891.
Total: 1.794600 ms (FindLiveObjects: 0.205700 ms CreateObjectMapping: 0.040500 ms MarkObjects: 1.508700 ms  DeleteObjects: 0.038800 ms)

========================================================================
Received Prepare
Refreshing native plugins compatible for Editor in 1.78 ms, found 0 plugins.
Preloading 0 native plugins for Editor in 0.00 ms.
Unloading 7 Unused Serialized files (Serialized files now loaded: 0)
System memory in use before: 42.3 MB.
System memory in use after: 42.4 MB.

Unloading 7 unused Assets to reduce memory usage. Loaded Objects now: 1891.
Total: 1.799500 ms (FindLiveObjects: 0.135400 ms CreateObjectMapping: 0.039800 ms MarkObjects: 1.583000 ms  DeleteObjects: 0.040100 ms)

========================================================================
Received Prepare
Registering precompiled user dll's ...
Registered in 0.003806 seconds.
Begin MonoManager ReloadAssembly
Native extension for WindowsStandalone target not found
Refreshing native plugins compatible for Editor in 0.34 ms, found 0 plugins.
Preloading 0 native plugins for Editor in 0.00 ms.
Invoked RoslynAnalysisRunner static constructor.
RoslynAnalysisRunner will not be running.
RoslynAnalysisRunner has terminated.
Mono: successfully reloaded assembly
- Completed reload, in  1.099 seconds
Platform modules already initialized, skipping
Refreshing native plugins compatible for Editor in 0.47 ms, found 0 plugins.
Preloading 0 native plugins for Editor in 0.00 ms.
Unloading 1368 Unused Serialized files (Serialized files now loaded: 0)
System memory in use before: 69.2 MB.
System memory in use after: 69.3 MB.

Unloading 9 unused Assets to reduce memory usage. Loaded Objects now: 1895.
Total: 2.093000 ms (FindLiveObjects: 0.150500 ms CreateObjectMapping: 0.124400 ms MarkObjects: 1.787200 ms  DeleteObjects: 0.029500 ms)

========================================================================
Received Prepare
Registering precompiled user dll's ...
Registered in 0.131533 seconds.
Begin MonoManager ReloadAssembly
Native extension for WindowsStandalone target not found
Refreshing native plugins compatible for Editor in 0.33 ms, found 0 plugins.
Preloading 0 native plugins for Editor in 0.00 ms.
Invoked RoslynAnalysisRunner static constructor.
RoslynAnalysisRunner will not be running.
RoslynAnalysisRunner has terminated.
Mono: successfully reloaded assembly
- Completed reload, in  1.089 seconds
Platform modules already initialized, skipping
Refreshing native plugins compatible for Editor in 0.39 ms, found 0 plugins.
Preloading 0 native plugins for Editor in 0.00 ms.
Unloading 1368 Unused Serialized files (Serialized files now loaded: 0)
System memory in use before: 69.2 MB.
System memory in use after: 69.3 MB.

Unloading 9 unused Assets to reduce memory usage. Loaded Objects now: 1899.
Total: 1.959000 ms (FindLiveObjects: 0.213900 ms CreateObjectMapping: 0.047700 ms MarkObjects: 1.665300 ms  DeleteObjects: 0.031100 ms)

========================================================================
Received Prepare
Registering precompiled user dll's ...
Registered in 0.003221 seconds.
Begin MonoManager ReloadAssembly
Native extension for WindowsStandalone target not found
Refreshing native plugins compatible for Editor in 0.47 ms, found 0 plugins.
Preloading 0 native plugins for Editor in 0.00 ms.
Invoked RoslynAnalysisRunner static constructor.
RoslynAnalysisRunner will not be running.
RoslynAnalysisRunner has terminated.
Mono: successfully reloaded assembly
- Completed reload, in  1.173 seconds
Platform modules already initialized, skipping
Refreshing native plugins compatible for Editor in 0.36 ms, found 0 plugins.
Preloading 0 native plugins for Editor in 0.00 ms.
Unloading 1368 Unused Serialized files (Serialized files now loaded: 0)
System memory in use before: 69.3 MB.
System memory in use after: 69.4 MB.

Unloading 9 unused Assets to reduce memory usage. Loaded Objects now: 1903.
Total: 1.997400 ms (FindLiveObjects: 0.181400 ms CreateObjectMapping: 0.047600 ms MarkObjects: 1.702900 ms  DeleteObjects: 0.064100 ms)

========================================================================
Received Prepare
Registering precompiled user dll's ...
Registered in 0.002692 seconds.
Begin MonoManager ReloadAssembly
Native extension for WindowsStandalone target not found
Refreshing native plugins compatible for Editor in 0.29 ms, found 0 plugins.
Preloading 0 native plugins for Editor in 0.00 ms.
Invoked RoslynAnalysisRunner static constructor.
RoslynAnalysisRunner will not be running.
RoslynAnalysisRunner has terminated.
Mono: successfully reloaded assembly
- Completed reload, in  0.867 seconds
Platform modules already initialized, skipping
Refreshing native plugins compatible for Editor in 0.33 ms, found 0 plugins.
Preloading 0 native plugins for Editor in 0.00 ms.
Unloading 1368 Unused Serialized files (Serialized files now loaded: 0)
System memory in use before: 69.3 MB.
System memory in use after: 69.4 MB.

Unloading 9 unused Assets to reduce memory usage. Loaded Objects now: 1907.
Total: 1.903000 ms (FindLiveObjects: 0.249000 ms CreateObjectMapping: 0.080700 ms MarkObjects: 1.553100 ms  DeleteObjects: 0.018900 ms)

========================================================================
Received Prepare
Refreshing native plugins compatible for Editor in 1.92 ms, found 0 plugins.
Preloading 0 native plugins for Editor in 0.00 ms.
Unloading 7 Unused Serialized files (Serialized files now loaded: 0)
System memory in use before: 42.3 MB.
System memory in use after: 42.4 MB.

Unloading 7 unused Assets to reduce memory usage. Loaded Objects now: 1907.
Total: 2.816000 ms (FindLiveObjects: 0.150100 ms CreateObjectMapping: 0.046700 ms MarkObjects: 2.581900 ms  DeleteObjects: 0.035900 ms)

========================================================================
Received Prepare
Registering precompiled user dll's ...
Registered in 0.004247 seconds.
Begin MonoManager ReloadAssembly
Native extension for WindowsStandalone target not found
Refreshing native plugins compatible for Editor in 0.48 ms, found 0 plugins.
Preloading 0 native plugins for Editor in 0.00 ms.
Invoked RoslynAnalysisRunner static constructor.
RoslynAnalysisRunner will not be running.
RoslynAnalysisRunner has terminated.
Mono: successfully reloaded assembly
- Completed reload, in  1.060 seconds
Platform modules already initialized, skipping
Refreshing native plugins compatible for Editor in 0.30 ms, found 0 plugins.
Preloading 0 native plugins for Editor in 0.00 ms.
Unloading 1368 Unused Serialized files (Serialized files now loaded: 0)
System memory in use before: 69.3 MB.
System memory in use after: 69.4 MB.

Unloading 9 unused Assets to reduce memory usage. Loaded Objects now: 1911.
Total: 2.212300 ms (FindLiveObjects: 0.285500 ms CreateObjectMapping: 0.085500 ms MarkObjects: 1.817400 ms  DeleteObjects: 0.022100 ms)

========================================================================
Received Prepare
Registering precompiled user dll's ...
Registered in 0.002753 seconds.
Begin MonoManager ReloadAssembly
Native extension for WindowsStandalone target not found
Refreshing native plugins compatible for Editor in 0.47 ms, found 0 plugins.
Preloading 0 native plugins for Editor in 0.00 ms.
Invoked RoslynAnalysisRunner static constructor.
RoslynAnalysisRunner will not be running.
RoslynAnalysisRunner has terminated.
Mono: successfully reloaded assembly
- Completed reload, in  0.975 seconds
Platform modules already initialized, skipping
Refreshing native plugins compatible for Editor in 0.61 ms, found 0 plugins.
Preloading 0 native plugins for Editor in 0.00 ms.
Unloading 1368 Unused Serialized files (Serialized files now loaded: 0)
System memory in use before: 69.3 MB.
System memory in use after: 69.4 MB.

Unloading 9 unused Assets to reduce memory usage. Loaded Objects now: 1915.
Total: 1.831300 ms (FindLiveObjects: 0.244800 ms CreateObjectMapping: 0.062800 ms MarkObjects: 1.492100 ms  DeleteObjects: 0.030400 ms)

========================================================================
Received Prepare
Refreshing native plugins compatible for Editor in 1.84 ms, found 0 plugins.
Preloading 0 native plugins for Editor in 0.00 ms.
Unloading 7 Unused Serialized files (Serialized files now loaded: 0)
System memory in use before: 42.3 MB.
System memory in use after: 42.4 MB.

Unloading 7 unused Assets to reduce memory usage. Loaded Objects now: 1915.
Total: 1.664400 ms (FindLiveObjects: 0.190800 ms CreateObjectMapping: 0.046100 ms MarkObjects: 1.390400 ms  DeleteObjects: 0.036300 ms)

========================================================================
Received Prepare
Registering precompiled user dll's ...
Registered in 0.003697 seconds.
Begin MonoManager ReloadAssembly
Native extension for WindowsStandalone target not found
Refreshing native plugins compatible for Editor in 0.36 ms, found 0 plugins.
Preloading 0 native plugins for Editor in 0.00 ms.
Invoked RoslynAnalysisRunner static constructor.
RoslynAnalysisRunner will not be running.
RoslynAnalysisRunner has terminated.
Mono: successfully reloaded assembly
- Completed reload, in  1.122 seconds
Platform modules already initialized, skipping
Refreshing native plugins compatible for Editor in 0.37 ms, found 0 plugins.
Preloading 0 native plugins for Editor in 0.00 ms.
Unloading 1368 Unused Serialized files (Serialized files now loaded: 0)
System memory in use before: 69.3 MB.
System memory in use after: 69.4 MB.

Unloading 9 unused Assets to reduce memory usage. Loaded Objects now: 1919.
Total: 2.313900 ms (FindLiveObjects: 0.327900 ms CreateObjectMapping: 0.104100 ms MarkObjects: 1.863400 ms  DeleteObjects: 0.017200 ms)

AssetImportWorkerClient::OnTransportError - code=2 error=End of file
